[      92ms] [ERROR] Failed to load resource: the server responded with a status of 504 (Outdated Optimize Dep) @ http://localhost:4321/node_modules/.vite/deps/astro-ZUC5STKP.js?v=e1617e02:0
[      94ms] [ERROR] Failed to load resource: the server responded with a status of 504 (Outdated Optimize Dep) @ http://localhost:4321/node_modules/.vite/deps/settings-XPXUOYSK.js?v=e1617e02:0
[      95ms] [ERROR] Failed to load resource: the server responded with a status of 504 (Outdated Optimize Dep) @ http://localhost:4321/node_modules/.vite/deps/toolbar-5KJUEHOZ.js?v=e1617e02:0
[      95ms] [ERROR] Failed to load resource: the server responded with a status of 504 (Outdated Optimize Dep) @ http://localhost:4321/node_modules/.vite/deps/ui-library-I5RJ2B4S.js?v=e1617e02:0
[     109ms] Failed to fetch dynamically imported module: http://localhost:4321/node_modules/.vite/deps/astro-ZUC5STKP.js?v=e1617e02
[     137ms] [INFO] %cDownload the React DevTools for a better development experience: https://react.dev/link/react-devtools font-weight:bold @ http://localhost:4321/node_modules/.vite/deps/chunk-NKAXCTWA.js?v=e1617e02:20102
[     174ms] [ERROR] Invalid DOM property `%s`. Did you mean `%s`? class className @ http://localhost:4321/node_modules/.vite/deps/chunk-NKAXCTWA.js?v=e1617e02:2396
[   57868ms] [ERROR] Failed to load resource: the server responded with a status of 504 (Outdated Optimize Dep) @ http://localhost:4321/node_modules/.vite/deps/astro-ZUC5STKP.js?v=e1617e02:0
[   57868ms] [ERROR] Failed to load resource: the server responded with a status of 504 (Outdated Optimize Dep) @ http://localhost:4321/node_modules/.vite/deps/settings-XPXUOYSK.js?v=e1617e02:0
[   57869ms] [ERROR] Failed to load resource: the server responded with a status of 504 (Outdated Optimize Dep) @ http://localhost:4321/node_modules/.vite/deps/toolbar-5KJUEHOZ.js?v=e1617e02:0
[   57869ms] [ERROR] Failed to load resource: the server responded with a status of 504 (Outdated Optimize Dep) @ http://localhost:4321/node_modules/.vite/deps/ui-library-I5RJ2B4S.js?v=e1617e02:0
[   57878ms] Failed to fetch dynamically imported module: http://localhost:4321/node_modules/.vite/deps/astro-ZUC5STKP.js?v=e1617e02
[   57903ms] [INFO] %cDownload the React DevTools for a better development experience: https://react.dev/link/react-devtools font-weight:bold @ http://localhost:4321/node_modules/.vite/deps/chunk-NKAXCTWA.js?v=e1617e02:20102
[   57937ms] [ERROR] Invalid DOM property `%s`. Did you mean `%s`? class className @ http://localhost:4321/node_modules/.vite/deps/chunk-NKAXCTWA.js?v=e1617e02:2396
[   62681ms] [ERROR] Failed to load resource: the server responded with a status of 504 (Outdated Optimize Dep) @ http://localhost:4321/node_modules/.vite/deps/astro-ZUC5STKP.js?v=e1617e02:0
[   62683ms] [ERROR] Failed to load resource: the server responded with a status of 504 (Outdated Optimize Dep) @ http://localhost:4321/node_modules/.vite/deps/settings-XPXUOYSK.js?v=e1617e02:0
[   62684ms] [ERROR] Failed to load resource: the server responded with a status of 504 (Outdated Optimize Dep) @ http://localhost:4321/node_modules/.vite/deps/toolbar-5KJUEHOZ.js?v=e1617e02:0
[   62684ms] [ERROR] Failed to load resource: the server responded with a status of 504 (Outdated Optimize Dep) @ http://localhost:4321/node_modules/.vite/deps/ui-library-I5RJ2B4S.js?v=e1617e02:0
[   62699ms] Failed to fetch dynamically imported module: http://localhost:4321/node_modules/.vite/deps/astro-ZUC5STKP.js?v=e1617e02
[   62723ms] [INFO] %cDownload the React DevTools for a better development experience: https://react.dev/link/react-devtools font-weight:bold @ http://localhost:4321/node_modules/.vite/deps/chunk-NKAXCTWA.js?v=e1617e02:20102
[   62762ms] [ERROR] Invalid DOM property `%s`. Did you mean `%s`? class className @ http://localhost:4321/node_modules/.vite/deps/chunk-NKAXCTWA.js?v=e1617e02:2396
[  148357ms] [ERROR] Failed to load resource: the server responded with a status of 504 (Outdated Optimize Dep) @ http://localhost:4321/node_modules/.vite/deps/astro-ZUC5STKP.js?v=e1617e02:0
[  148357ms] [ERROR] Failed to load resource: the server responded with a status of 504 (Outdated Optimize Dep) @ http://localhost:4321/node_modules/.vite/deps/settings-XPXUOYSK.js?v=e1617e02:0
[  148358ms] [ERROR] Failed to load resource: the server responded with a status of 504 (Outdated Optimize Dep) @ http://localhost:4321/node_modules/.vite/deps/toolbar-5KJUEHOZ.js?v=e1617e02:0
[  148358ms] [ERROR] Failed to load resource: the server responded with a status of 504 (Outdated Optimize Dep) @ http://localhost:4321/node_modules/.vite/deps/ui-library-I5RJ2B4S.js?v=e1617e02:0
[  148372ms] Failed to fetch dynamically imported module: http://localhost:4321/node_modules/.vite/deps/astro-ZUC5STKP.js?v=e1617e02
[  148385ms] [INFO] %cDownload the React DevTools for a better development experience: https://react.dev/link/react-devtools font-weight:bold @ http://localhost:4321/node_modules/.vite/deps/chunk-NKAXCTWA.js?v=e1617e02:20102
[  148455ms] [ERROR] Invalid DOM property `%s`. Did you mean `%s`? class className @ http://localhost:4321/node_modules/.vite/deps/chunk-NKAXCTWA.js?v=e1617e02:2396
[  149151ms] [ERROR] Failed to load resource: the server responded with a status of 504 (Outdated Optimize Dep) @ http://localhost:4321/node_modules/.vite/deps/astro-ZUC5STKP.js?v=e1617e02:0
[  149151ms] [ERROR] Failed to load resource: the server responded with a status of 504 (Outdated Optimize Dep) @ http://localhost:4321/node_modules/.vite/deps/settings-XPXUOYSK.js?v=e1617e02:0
[  149151ms] [ERROR] Failed to load resource: the server responded with a status of 504 (Outdated Optimize Dep) @ http://localhost:4321/node_modules/.vite/deps/toolbar-5KJUEHOZ.js?v=e1617e02:0
[  149151ms] [ERROR] Failed to load resource: the server responded with a status of 504 (Outdated Optimize Dep) @ http://localhost:4321/node_modules/.vite/deps/ui-library-I5RJ2B4S.js?v=e1617e02:0
[  149168ms] Failed to fetch dynamically imported module: http://localhost:4321/node_modules/.vite/deps/astro-ZUC5STKP.js?v=e1617e02
[  149195ms] [INFO] %cDownload the React DevTools for a better development experience: https://react.dev/link/react-devtools font-weight:bold @ http://localhost:4321/node_modules/.vite/deps/chunk-NKAXCTWA.js?v=e1617e02:20102
[  149231ms] [ERROR] Invalid DOM property `%s`. Did you mean `%s`? class className @ http://localhost:4321/node_modules/.vite/deps/chunk-NKAXCTWA.js?v=e1617e02:2396
[  149314ms] [ERROR] Failed to load resource: the server responded with a status of 504 (Outdated Optimize Dep) @ http://localhost:4321/node_modules/.vite/deps/astro-ZUC5STKP.js?v=e1617e02:0
[  149314ms] [ERROR] Failed to load resource: the server responded with a status of 504 (Outdated Optimize Dep) @ http://localhost:4321/node_modules/.vite/deps/settings-XPXUOYSK.js?v=e1617e02:0
[  149315ms] [ERROR] Failed to load resource: the server responded with a status of 504 (Outdated Optimize Dep) @ http://localhost:4321/node_modules/.vite/deps/toolbar-5KJUEHOZ.js?v=e1617e02:0
[  149315ms] [ERROR] Failed to load resource: the server responded with a status of 504 (Outdated Optimize Dep) @ http://localhost:4321/node_modules/.vite/deps/ui-library-I5RJ2B4S.js?v=e1617e02:0
[  149327ms] Failed to fetch dynamically imported module: http://localhost:4321/node_modules/.vite/deps/astro-ZUC5STKP.js?v=e1617e02
[  149343ms] [INFO] %cDownload the React DevTools for a better development experience: https://react.dev/link/react-devtools font-weight:bold @ http://localhost:4321/node_modules/.vite/deps/chunk-NKAXCTWA.js?v=e1617e02:20102
[  149367ms] [ERROR] Invalid DOM property `%s`. Did you mean `%s`? class className @ http://localhost:4321/node_modules/.vite/deps/chunk-NKAXCTWA.js?v=e1617e02:2396
[  149435ms] [ERROR] Failed to load resource: the server responded with a status of 504 (Outdated Optimize Dep) @ http://localhost:4321/node_modules/.vite/deps/astro-ZUC5STKP.js?v=e1617e02:0
[  149435ms] [ERROR] Failed to load resource: the server responded with a status of 504 (Outdated Optimize Dep) @ http://localhost:4321/node_modules/.vite/deps/settings-XPXUOYSK.js?v=e1617e02:0
[  149435ms] [ERROR] Failed to load resource: the server responded with a status of 504 (Outdated Optimize Dep) @ http://localhost:4321/node_modules/.vite/deps/toolbar-5KJUEHOZ.js?v=e1617e02:0
[  149435ms] [ERROR] Failed to load resource: the server responded with a status of 504 (Outdated Optimize Dep) @ http://localhost:4321/node_modules/.vite/deps/ui-library-I5RJ2B4S.js?v=e1617e02:0
[  149446ms] Failed to fetch dynamically imported module: http://localhost:4321/node_modules/.vite/deps/astro-ZUC5STKP.js?v=e1617e02
[  149623ms] [INFO] %cDownload the React DevTools for a better development experience: https://react.dev/link/react-devtools font-weight:bold @ http://localhost:4321/node_modules/.vite/deps/chunk-NKAXCTWA.js?v=e1617e02:20102
[  149792ms] [ERROR] Invalid DOM property `%s`. Did you mean `%s`? class className @ http://localhost:4321/node_modules/.vite/deps/chunk-NKAXCTWA.js?v=e1617e02:2396
[  149873ms] [ERROR] Failed to load resource: the server responded with a status of 504 (Outdated Optimize Dep) @ http://localhost:4321/node_modules/.vite/deps/astro-ZUC5STKP.js?v=e1617e02:0
[  149873ms] [ERROR] Failed to load resource: the server responded with a status of 504 (Outdated Optimize Dep) @ http://localhost:4321/node_modules/.vite/deps/settings-XPXUOYSK.js?v=e1617e02:0
[  149873ms] [ERROR] Failed to load resource: the server responded with a status of 504 (Outdated Optimize Dep) @ http://localhost:4321/node_modules/.vite/deps/toolbar-5KJUEHOZ.js?v=e1617e02:0
[  149873ms] [ERROR] Failed to load resource: the server responded with a status of 504 (Outdated Optimize Dep) @ http://localhost:4321/node_modules/.vite/deps/ui-library-I5RJ2B4S.js?v=e1617e02:0
[  149884ms] Failed to fetch dynamically imported module: http://localhost:4321/node_modules/.vite/deps/astro-ZUC5STKP.js?v=e1617e02
[  149885ms] [INFO] %cDownload the React DevTools for a better development experience: https://react.dev/link/react-devtools font-weight:bold @ http://localhost:4321/node_modules/.vite/deps/chunk-NKAXCTWA.js?v=e1617e02:20102
[  149909ms] [ERROR] Invalid DOM property `%s`. Did you mean `%s`? class className @ http://localhost:4321/node_modules/.vite/deps/chunk-NKAXCTWA.js?v=e1617e02:2396
[  174623ms] [ERROR] Failed to load resource: the server responded with a status of 504 (Outdated Optimize Dep) @ http://localhost:4321/node_modules/.vite/deps/astro-ZUC5STKP.js?v=e1617e02:0
[  174623ms] [ERROR] Failed to load resource: the server responded with a status of 504 (Outdated Optimize Dep) @ http://localhost:4321/node_modules/.vite/deps/settings-XPXUOYSK.js?v=e1617e02:0
[  174623ms] [ERROR] Failed to load resource: the server responded with a status of 504 (Outdated Optimize Dep) @ http://localhost:4321/node_modules/.vite/deps/toolbar-5KJUEHOZ.js?v=e1617e02:0
[  174623ms] [ERROR] Failed to load resource: the server responded with a status of 504 (Outdated Optimize Dep) @ http://localhost:4321/node_modules/.vite/deps/ui-library-I5RJ2B4S.js?v=e1617e02:0
[  174635ms] Failed to fetch dynamically imported module: http://localhost:4321/node_modules/.vite/deps/astro-ZUC5STKP.js?v=e1617e02
[  174643ms] [INFO] %cDownload the React DevTools for a better development experience: https://react.dev/link/react-devtools font-weight:bold @ http://localhost:4321/node_modules/.vite/deps/chunk-NKAXCTWA.js?v=e1617e02:20102
[  174680ms] [ERROR] Invalid DOM property `%s`. Did you mean `%s`? class className @ http://localhost:4321/node_modules/.vite/deps/chunk-NKAXCTWA.js?v=e1617e02:2396
[  175008ms] [ERROR] Failed to load resource: the server responded with a status of 504 (Outdated Optimize Dep) @ http://localhost:4321/node_modules/.vite/deps/astro-ZUC5STKP.js?v=e1617e02:0
[  175022ms] Failed to fetch dynamically imported module: http://localhost:4321/node_modules/.vite/deps/astro-ZUC5STKP.js?v=e1617e02
[  175010ms] [ERROR] Failed to load resource: the server responded with a status of 504 (Outdated Optimize Dep) @ http://localhost:4321/node_modules/.vite/deps/settings-XPXUOYSK.js?v=e1617e02:0
[  175010ms] [ERROR] Failed to load resource: the server responded with a status of 504 (Outdated Optimize Dep) @ http://localhost:4321/node_modules/.vite/deps/toolbar-5KJUEHOZ.js?v=e1617e02:0
[  175011ms] [ERROR] Failed to load resource: the server responded with a status of 504 (Outdated Optimize Dep) @ http://localhost:4321/node_modules/.vite/deps/ui-library-I5RJ2B4S.js?v=e1617e02:0
[  175026ms] [INFO] %cDownload the React DevTools for a better development experience: https://react.dev/link/react-devtools font-weight:bold @ http://localhost:4321/node_modules/.vite/deps/chunk-NKAXCTWA.js?v=e1617e02:20102
[  175091ms] [ERROR] Invalid DOM property `%s`. Did you mean `%s`? class className @ http://localhost:4321/node_modules/.vite/deps/chunk-NKAXCTWA.js?v=e1617e02:2396
[  175182ms] [ERROR] Failed to load resource: the server responded with a status of 504 (Outdated Optimize Dep) @ http://localhost:4321/node_modules/.vite/deps/astro-ZUC5STKP.js?v=e1617e02:0
[  175183ms] [ERROR] Failed to load resource: the server responded with a status of 504 (Outdated Optimize Dep) @ http://localhost:4321/node_modules/.vite/deps/settings-XPXUOYSK.js?v=e1617e02:0
[  175183ms] [ERROR] Failed to load resource: the server responded with a status of 504 (Outdated Optimize Dep) @ http://localhost:4321/node_modules/.vite/deps/toolbar-5KJUEHOZ.js?v=e1617e02:0
[  175183ms] [ERROR] Failed to load resource: the server responded with a status of 504 (Outdated Optimize Dep) @ http://localhost:4321/node_modules/.vite/deps/ui-library-I5RJ2B4S.js?v=e1617e02:0
[  175197ms] Failed to fetch dynamically imported module: http://localhost:4321/node_modules/.vite/deps/astro-ZUC5STKP.js?v=e1617e02
[  175201ms] [INFO] %cDownload the React DevTools for a better development experience: https://react.dev/link/react-devtools font-weight:bold @ http://localhost:4321/node_modules/.vite/deps/chunk-NKAXCTWA.js?v=e1617e02:20102
[  175255ms] [ERROR] Invalid DOM property `%s`. Did you mean `%s`? class className @ http://localhost:4321/node_modules/.vite/deps/chunk-NKAXCTWA.js?v=e1617e02:2396
[  180284ms] [ERROR] Failed to load resource: the server responded with a status of 504 (Outdated Optimize Dep) @ http://localhost:4321/node_modules/.vite/deps/astro-ZUC5STKP.js?v=e1617e02:0
[  180285ms] [ERROR] Failed to load resource: the server responded with a status of 504 (Outdated Optimize Dep) @ http://localhost:4321/node_modules/.vite/deps/settings-XPXUOYSK.js?v=e1617e02:0
[  180285ms] [ERROR] Failed to load resource: the server responded with a status of 504 (Outdated Optimize Dep) @ http://localhost:4321/node_modules/.vite/deps/toolbar-5KJUEHOZ.js?v=e1617e02:0
[  180285ms] [ERROR] Failed to load resource: the server responded with a status of 504 (Outdated Optimize Dep) @ http://localhost:4321/node_modules/.vite/deps/ui-library-I5RJ2B4S.js?v=e1617e02:0
[  180298ms] Failed to fetch dynamically imported module: http://localhost:4321/node_modules/.vite/deps/astro-ZUC5STKP.js?v=e1617e02
[  180312ms] [INFO] %cDownload the React DevTools for a better development experience: https://react.dev/link/react-devtools font-weight:bold @ http://localhost:4321/node_modules/.vite/deps/chunk-NKAXCTWA.js?v=e1617e02:20102
[  180334ms] [ERROR] Invalid DOM property `%s`. Did you mean `%s`? class className @ http://localhost:4321/node_modules/.vite/deps/chunk-NKAXCTWA.js?v=e1617e02:2396
[  201350ms] [ERROR] Failed to load resource: the server responded with a status of 504 (Outdated Optimize Dep) @ http://localhost:4321/node_modules/.vite/deps/astro-ZUC5STKP.js?v=e1617e02:0
[  201350ms] [ERROR] Failed to load resource: the server responded with a status of 504 (Outdated Optimize Dep) @ http://localhost:4321/node_modules/.vite/deps/settings-XPXUOYSK.js?v=e1617e02:0
[  201351ms] [ERROR] Failed to load resource: the server responded with a status of 504 (Outdated Optimize Dep) @ http://localhost:4321/node_modules/.vite/deps/toolbar-5KJUEHOZ.js?v=e1617e02:0
[  201351ms] [ERROR] Failed to load resource: the server responded with a status of 504 (Outdated Optimize Dep) @ http://localhost:4321/node_modules/.vite/deps/ui-library-I5RJ2B4S.js?v=e1617e02:0
[  201361ms] Failed to fetch dynamically imported module: http://localhost:4321/node_modules/.vite/deps/astro-ZUC5STKP.js?v=e1617e02
[  201397ms] [INFO] %cDownload the React DevTools for a better development experience: https://react.dev/link/react-devtools font-weight:bold @ http://localhost:4321/node_modules/.vite/deps/chunk-NKAXCTWA.js?v=e1617e02:20102
[  201430ms] [ERROR] Invalid DOM property `%s`. Did you mean `%s`? class className @ http://localhost:4321/node_modules/.vite/deps/chunk-NKAXCTWA.js?v=e1617e02:2396
[  303016ms] [ERROR] Failed to load resource: the server responded with a status of 504 (Outdated Optimize Dep) @ http://localhost:4321/node_modules/.vite/deps/astro-ZUC5STKP.js?v=e1617e02:0
[  303016ms] [ERROR] Failed to load resource: the server responded with a status of 504 (Outdated Optimize Dep) @ http://localhost:4321/node_modules/.vite/deps/settings-XPXUOYSK.js?v=e1617e02:0
[  303016ms] [ERROR] Failed to load resource: the server responded with a status of 504 (Outdated Optimize Dep) @ http://localhost:4321/node_modules/.vite/deps/toolbar-5KJUEHOZ.js?v=e1617e02:0
[  303017ms] [ERROR] Failed to load resource: the server responded with a status of 504 (Outdated Optimize Dep) @ http://localhost:4321/node_modules/.vite/deps/ui-library-I5RJ2B4S.js?v=e1617e02:0
[  303038ms] Failed to fetch dynamically imported module: http://localhost:4321/node_modules/.vite/deps/astro-ZUC5STKP.js?v=e1617e02
[  303039ms] [INFO] %cDownload the React DevTools for a better development experience: https://react.dev/link/react-devtools font-weight:bold @ http://localhost:4321/node_modules/.vite/deps/chunk-NKAXCTWA.js?v=e1617e02:20102
[  303072ms] [ERROR] Invalid DOM property `%s`. Did you mean `%s`? class className @ http://localhost:4321/node_modules/.vite/deps/chunk-NKAXCTWA.js?v=e1617e02:2396
[  329008ms] [ERROR] Failed to load resource: the server responded with a status of 504 (Outdated Optimize Dep) @ http://localhost:4321/node_modules/.vite/deps/astro-ZUC5STKP.js?v=e1617e02:0
[  329012ms] [ERROR] Failed to load resource: the server responded with a status of 504 (Outdated Optimize Dep) @ http://localhost:4321/node_modules/.vite/deps/settings-XPXUOYSK.js?v=e1617e02:0
[  329013ms] [ERROR] Failed to load resource: the server responded with a status of 504 (Outdated Optimize Dep) @ http://localhost:4321/node_modules/.vite/deps/toolbar-5KJUEHOZ.js?v=e1617e02:0
[  329013ms] [ERROR] Failed to load resource: the server responded with a status of 504 (Outdated Optimize Dep) @ http://localhost:4321/node_modules/.vite/deps/ui-library-I5RJ2B4S.js?v=e1617e02:0
[  329034ms] Failed to fetch dynamically imported module: http://localhost:4321/node_modules/.vite/deps/astro-ZUC5STKP.js?v=e1617e02
[  329034ms] [INFO] %cDownload the React DevTools for a better development experience: https://react.dev/link/react-devtools font-weight:bold @ http://localhost:4321/node_modules/.vite/deps/chunk-NKAXCTWA.js?v=e1617e02:20102
[  329094ms] [ERROR] Invalid DOM property `%s`. Did you mean `%s`? class className @ http://localhost:4321/node_modules/.vite/deps/chunk-NKAXCTWA.js?v=e1617e02:2396
[  385507ms] [ERROR] Failed to load resource: the server responded with a status of 504 (Outdated Optimize Dep) @ http://localhost:4321/node_modules/.vite/deps/astro-ZUC5STKP.js?v=e1617e02:0
[  385508ms] [ERROR] Failed to load resource: the server responded with a status of 504 (Outdated Optimize Dep) @ http://localhost:4321/node_modules/.vite/deps/settings-XPXUOYSK.js?v=e1617e02:0
[  385508ms] [ERROR] Failed to load resource: the server responded with a status of 504 (Outdated Optimize Dep) @ http://localhost:4321/node_modules/.vite/deps/toolbar-5KJUEHOZ.js?v=e1617e02:0
[  385508ms] [ERROR] Failed to load resource: the server responded with a status of 504 (Outdated Optimize Dep) @ http://localhost:4321/node_modules/.vite/deps/ui-library-I5RJ2B4S.js?v=e1617e02:0
[  385519ms] Failed to fetch dynamically imported module: http://localhost:4321/node_modules/.vite/deps/astro-ZUC5STKP.js?v=e1617e02
[  385529ms] [INFO] %cDownload the React DevTools for a better development experience: https://react.dev/link/react-devtools font-weight:bold @ http://localhost:4321/node_modules/.vite/deps/chunk-NKAXCTWA.js?v=e1617e02:20102
[  385586ms] [ERROR] Invalid DOM property `%s`. Did you mean `%s`? class className @ http://localhost:4321/node_modules/.vite/deps/chunk-NKAXCTWA.js?v=e1617e02:2396
[ 1327160ms] [LOG] [vite] server connection lost. Polling for restart... @ http://localhost:4321/@vite/client:1598
[ 1327680ms] [ERROR] Failed to load resource: the server responded with a status of 504 (Outdated Optimize Dep) @ http://localhost:4321/node_modules/.vite/deps/astro-ZUC5STKP.js?v=e1617e02:0
[ 1327681ms] [ERROR] Failed to load resource: the server responded with a status of 504 (Outdated Optimize Dep) @ http://localhost:4321/node_modules/.vite/deps/settings-XPXUOYSK.js?v=e1617e02:0
[ 1327681ms] [ERROR] Failed to load resource: the server responded with a status of 504 (Outdated Optimize Dep) @ http://localhost:4321/node_modules/.vite/deps/toolbar-5KJUEHOZ.js?v=e1617e02:0
[ 1327682ms] [ERROR] Failed to load resource: the server responded with a status of 504 (Outdated Optimize Dep) @ http://localhost:4321/node_modules/.vite/deps/ui-library-I5RJ2B4S.js?v=e1617e02:0
[ 1327720ms] Failed to fetch dynamically imported module: http://localhost:4321/node_modules/.vite/deps/astro-ZUC5STKP.js?v=e1617e02
[ 1327761ms] [INFO] %cDownload the React DevTools for a better development experience: https://react.dev/link/react-devtools font-weight:bold @ http://localhost:4321/node_modules/.vite/deps/chunk-NKAXCTWA.js?v=e1617e02:20102
[ 1328003ms] [ERROR] Invalid DOM property `%s`. Did you mean `%s`? class className @ http://localhost:4321/node_modules/.vite/deps/chunk-NKAXCTWA.js?v=e1617e02:2396
[ 1397961ms] [LOG] [vite] server connection lost. Polling for restart... @ http://localhost:4321/@vite/client:1598
[ 1398297ms] [ERROR] Failed to load resource: the server responded with a status of 504 (Outdated Optimize Dep) @ http://localhost:4321/node_modules/.vite/deps/astro-ZUC5STKP.js?v=e1617e02:0
[ 1398298ms] [ERROR] Failed to load resource: the server responded with a status of 504 (Outdated Optimize Dep) @ http://localhost:4321/node_modules/.vite/deps/settings-XPXUOYSK.js?v=e1617e02:0
[ 1398299ms] [ERROR] Failed to load resource: the server responded with a status of 504 (Outdated Optimize Dep) @ http://localhost:4321/node_modules/.vite/deps/toolbar-5KJUEHOZ.js?v=e1617e02:0
[ 1398300ms] [ERROR] Failed to load resource: the server responded with a status of 504 (Outdated Optimize Dep) @ http://localhost:4321/node_modules/.vite/deps/ui-library-I5RJ2B4S.js?v=e1617e02:0
[ 1398327ms] Failed to fetch dynamically imported module: http://localhost:4321/node_modules/.vite/deps/astro-ZUC5STKP.js?v=e1617e02
[ 1398389ms] [INFO] %cDownload the React DevTools for a better development experience: https://react.dev/link/react-devtools font-weight:bold @ http://localhost:4321/node_modules/.vite/deps/chunk-NKAXCTWA.js?v=e1617e02:20102
[ 1398449ms] [ERROR] Invalid DOM property `%s`. Did you mean `%s`? class className @ http://localhost:4321/node_modules/.vite/deps/chunk-NKAXCTWA.js?v=e1617e02:2396
[ 7018120ms] [LOG] [vite] server connection lost. Polling for restart... @ http://localhost:4321/@vite/client:1598
