[     306ms] [ERROR] Failed to load resource: the server responded with a status of 504 (Outdated Optimize Dep) @ http://localhost:4321/node_modules/.vite/deps/astro-ZUC5STKP.js?v=e1617e02:0
[     306ms] [ERROR] Failed to load resource: the server responded with a status of 504 (Outdated Optimize Dep) @ http://localhost:4321/node_modules/.vite/deps/settings-XPXUOYSK.js?v=e1617e02:0
[     306ms] [ERROR] Failed to load resource: the server responded with a status of 504 (Outdated Optimize Dep) @ http://localhost:4321/node_modules/.vite/deps/toolbar-5KJUEHOZ.js?v=e1617e02:0
[     306ms] [ERROR] Failed to load resource: the server responded with a status of 504 (Outdated Optimize Dep) @ http://localhost:4321/node_modules/.vite/deps/ui-library-I5RJ2B4S.js?v=e1617e02:0
[     312ms] Failed to fetch dynamically imported module: http://localhost:4321/node_modules/.vite/deps/astro-ZUC5STKP.js?v=e1617e02
[     439ms] [INFO] %cDownload the React DevTools for a better development experience: https://react.dev/link/react-devtools font-weight:bold @ http://localhost:4321/node_modules/.vite/deps/chunk-NKAXCTWA.js?v=e1617e02:20102
[     511ms] [ERROR] Invalid DOM property `%s`. Did you mean `%s`? class className @ http://localhost:4321/node_modules/.vite/deps/chunk-NKAXCTWA.js?v=e1617e02:2396
[  117805ms] [ERROR] Failed to load resource: the server responded with a status of 504 (Outdated Optimize Dep) @ http://localhost:4321/node_modules/.vite/deps/astro-ZUC5STKP.js?v=e1617e02:0
[  117805ms] [ERROR] Failed to load resource: the server responded with a status of 504 (Outdated Optimize Dep) @ http://localhost:4321/node_modules/.vite/deps/settings-XPXUOYSK.js?v=e1617e02:0
[  117805ms] [ERROR] Failed to load resource: the server responded with a status of 504 (Outdated Optimize Dep) @ http://localhost:4321/node_modules/.vite/deps/toolbar-5KJUEHOZ.js?v=e1617e02:0
[  117811ms] Failed to fetch dynamically imported module: http://localhost:4321/node_modules/.vite/deps/astro-ZUC5STKP.js?v=e1617e02
[  117821ms] [INFO] %cDownload the React DevTools for a better development experience: https://react.dev/link/react-devtools font-weight:bold @ http://localhost:4321/node_modules/.vite/deps/chunk-NKAXCTWA.js?v=e1617e02:20102
[  117852ms] [ERROR] Failed to load resource: the server responded with a status of 504 (Outdated Optimize Dep) @ http://localhost:4321/node_modules/.vite/deps/ui-library-I5RJ2B4S.js?v=e1617e02:0
[  117880ms] [ERROR] Invalid DOM property `%s`. Did you mean `%s`? class className @ http://localhost:4321/node_modules/.vite/deps/chunk-NKAXCTWA.js?v=e1617e02:2396
[  152345ms] [INFO] %cDownload the React DevTools for a better development experience: https://react.dev/link/react-devtools font-weight:bold @ http://localhost:4321/node_modules/.vite/deps/chunk-NKAXCTWA.js?v=e1617e02:20102
[  152450ms] [ERROR] Invalid DOM property `%s`. Did you mean `%s`? class className @ http://localhost:4321/node_modules/.vite/deps/chunk-NKAXCTWA.js?v=e1617e02:2396
[  152556ms] [ERROR] Failed to load resource: the server responded with a status of 504 (Outdated Optimize Dep) @ http://localhost:4321/node_modules/.vite/deps/astro-ZUC5STKP.js?v=e1617e02:0
[  152556ms] [ERROR] Failed to load resource: the server responded with a status of 504 (Outdated Optimize Dep) @ http://localhost:4321/node_modules/.vite/deps/settings-XPXUOYSK.js?v=e1617e02:0
[  152559ms] Failed to fetch dynamically imported module: http://localhost:4321/node_modules/.vite/deps/astro-ZUC5STKP.js?v=e1617e02
[  152557ms] [ERROR] Failed to load resource: the server responded with a status of 504 (Outdated Optimize Dep) @ http://localhost:4321/node_modules/.vite/deps/toolbar-5KJUEHOZ.js?v=e1617e02:0
[  152557ms] [ERROR] Failed to load resource: the server responded with a status of 504 (Outdated Optimize Dep) @ http://localhost:4321/node_modules/.vite/deps/ui-library-I5RJ2B4S.js?v=e1617e02:0
[  153135ms] [ERROR] Failed to load resource: the server responded with a status of 504 (Outdated Optimize Dep) @ http://localhost:4321/node_modules/.vite/deps/astro-ZUC5STKP.js?v=e1617e02:0
[  153150ms] Failed to fetch dynamically imported module: http://localhost:4321/node_modules/.vite/deps/astro-ZUC5STKP.js?v=e1617e02
[  153151ms] [INFO] %cDownload the React DevTools for a better development experience: https://react.dev/link/react-devtools font-weight:bold @ http://localhost:4321/node_modules/.vite/deps/chunk-NKAXCTWA.js?v=e1617e02:20102
[  153174ms] [ERROR] Failed to load resource: the server responded with a status of 504 (Outdated Optimize Dep) @ http://localhost:4321/node_modules/.vite/deps/settings-XPXUOYSK.js?v=e1617e02:0
[  153174ms] [ERROR] Failed to load resource: the server responded with a status of 504 (Outdated Optimize Dep) @ http://localhost:4321/node_modules/.vite/deps/toolbar-5KJUEHOZ.js?v=e1617e02:0
[  153174ms] [ERROR] Failed to load resource: the server responded with a status of 504 (Outdated Optimize Dep) @ http://localhost:4321/node_modules/.vite/deps/ui-library-I5RJ2B4S.js?v=e1617e02:0
[  153198ms] [ERROR] Invalid DOM property `%s`. Did you mean `%s`? class className @ http://localhost:4321/node_modules/.vite/deps/chunk-NKAXCTWA.js?v=e1617e02:2396
[  154470ms] [INFO] %cDownload the React DevTools for a better development experience: https://react.dev/link/react-devtools font-weight:bold @ http://localhost:4321/node_modules/.vite/deps/chunk-NKAXCTWA.js?v=e1617e02:20102
[  154539ms] [ERROR] Invalid DOM property `%s`. Did you mean `%s`? class className @ http://localhost:4321/node_modules/.vite/deps/chunk-NKAXCTWA.js?v=e1617e02:2396
[  154704ms] [ERROR] Failed to load resource: the server responded with a status of 504 (Outdated Optimize Dep) @ http://localhost:4321/node_modules/.vite/deps/astro-ZUC5STKP.js?v=e1617e02:0
[  154704ms] [ERROR] Failed to load resource: the server responded with a status of 504 (Outdated Optimize Dep) @ http://localhost:4321/node_modules/.vite/deps/settings-XPXUOYSK.js?v=e1617e02:0
[  154705ms] Failed to fetch dynamically imported module: http://localhost:4321/node_modules/.vite/deps/astro-ZUC5STKP.js?v=e1617e02
[  154705ms] [ERROR] Failed to load resource: the server responded with a status of 504 (Outdated Optimize Dep) @ http://localhost:4321/node_modules/.vite/deps/toolbar-5KJUEHOZ.js?v=e1617e02:0
[  154705ms] [ERROR] Failed to load resource: the server responded with a status of 504 (Outdated Optimize Dep) @ http://localhost:4321/node_modules/.vite/deps/ui-library-I5RJ2B4S.js?v=e1617e02:0
[  154913ms] [ERROR] Failed to load resource: the server responded with a status of 504 (Outdated Optimize Dep) @ http://localhost:4321/node_modules/.vite/deps/astro-ZUC5STKP.js?v=e1617e02:0
[  154916ms] [ERROR] Failed to load resource: the server responded with a status of 504 (Outdated Optimize Dep) @ http://localhost:4321/node_modules/.vite/deps/settings-XPXUOYSK.js?v=e1617e02:0
[  154916ms] [ERROR] Failed to load resource: the server responded with a status of 504 (Outdated Optimize Dep) @ http://localhost:4321/node_modules/.vite/deps/toolbar-5KJUEHOZ.js?v=e1617e02:0
[  154917ms] [ERROR] Failed to load resource: the server responded with a status of 504 (Outdated Optimize Dep) @ http://localhost:4321/node_modules/.vite/deps/ui-library-I5RJ2B4S.js?v=e1617e02:0
[  154932ms] Failed to fetch dynamically imported module: http://localhost:4321/node_modules/.vite/deps/astro-ZUC5STKP.js?v=e1617e02
[  154932ms] [INFO] %cDownload the React DevTools for a better development experience: https://react.dev/link/react-devtools font-weight:bold @ http://localhost:4321/node_modules/.vite/deps/chunk-NKAXCTWA.js?v=e1617e02:20102
[  154972ms] [ERROR] Invalid DOM property `%s`. Did you mean `%s`? class className @ http://localhost:4321/node_modules/.vite/deps/chunk-NKAXCTWA.js?v=e1617e02:2396
